# JRE version: Java(TM) SE Runtime Environment (8.0_102-b14) (build 1.8.0_102-b14)
# Java VM: Java HotSpot(TM) 64-Bit Server VM (25.102-b14 mixed mode windows-amd64 compressed oops)
Heap:
 PSYoungGen      total 1269248K, used 585653K [0x000000076b600000, 0x00000007bd680000, 0x00000007c0000000)
  eden space 1215488K, 44% used [0x000000076b600000,0x000000078c077470,0x00000007b5900000)
  from space 53760K, 94% used [0x00000007b9480000,0x00000007bc5f61e0,0x00000007bc900000)
  to   space 60928K, 0% used [0x00000007b5900000,0x00000007b5900000,0x00000007b9480000)
 ParOldGen       total 1415168K, used 1049408K [0x00000006c2200000, 0x0000000718800000, 0x000000076b600000)
  object space 1415168K, 74% used [0x00000006c2200000,0x00000007022d0380,0x0000000718800000)
 Metaspace       used 56046K, capacity 56894K, committed 57304K, reserved 1099776K
  class space    used 7123K, capacity 7342K, committed 7384K, reserved 1048576K
GC Heap History (10 events):
Event: 81.987 GC heap before
{Heap before GC invocations=70 (full 6):
 PSYoungGen      total 1209856K, used 1198011K [0x000000076b600000, 0x00000007b9a00000, 0x00000007c0000000)
  eden space 1166848K, 100% used [0x000000076b600000,0x00000007b2980000,0x00000007b2980000)
  from space 43008K, 72% used [0x00000007b2980000,0x00000007b47eeca8,0x00000007b5380000)
  to   space 44544K, 0% used [0x00000007b6e80000,0x00000007b6e80000,0x00000007b9a00000)
 ParOldGen       total 1415168K, used 1029610K [0x00000006c2200000, 0x0000000718800000, 0x000000076b600000)
  object space 1415168K, 72% used [0x00000006c2200000,0x0000000700f7abb0,0x0000000718800000)
 Metaspace       used 50215K, capacity 50972K, committed 51288K, reserved 1093632K
  class space    used 6493K, capacity 6723K, committed 6744K, reserved 1048576K
Event: 82.000 GC heap after
Heap after GC invocations=70 (full 6):
 PSYoungGen      total 1227264K, used 13885K [0x000000076b600000, 0x00000007b9400000, 0x00000007c0000000)
  eden space 1188864K, 0% used [0x000000076b600000,0x000000076b600000,0x00000007b3f00000)
  from space 38400K, 36% used [0x00000007b6e80000,0x00000007b7c0f5f8,0x00000007b9400000)
  to   space 43520K, 0% used [0x00000007b3f00000,0x00000007b3f00000,0x00000007b6980000)
 ParOldGen       total 1415168K, used 1030034K [0x00000006c2200000, 0x0000000718800000, 0x000000076b600000)
  object space 1415168K, 72% used [0x00000006c2200000,0x0000000700fe4bb0,0x0000000718800000)
 Metaspace       used 50215K, capacity 50972K, committed 51288K, reserved 1093632K
  class space    used 6493K, capacity 6723K, committed 6744K, reserved 1048576K
}
Event: 85.588 GC heap before
{Heap before GC invocations=71 (full 6):
 PSYoungGen      total 1227264K, used 1202749K [0x000000076b600000, 0x00000007b9400000, 0x00000007c0000000)
  eden space 1188864K, 100% used [0x000000076b600000,0x00000007b3f00000,0x00000007b3f00000)
  from space 38400K, 36% used [0x00000007b6e80000,0x00000007b7c0f5f8,0x00000007b9400000)
  to   space 43520K, 0% used [0x00000007b3f00000,0x00000007b3f00000,0x00000007b6980000)
 ParOldGen       total 1415168K, used 1030034K [0x00000006c2200000, 0x0000000718800000, 0x000000076b600000)
  object space 1415168K, 72% used [0x00000006c2200000,0x0000000700fe4bb0,0x0000000718800000)
 Metaspace       used 50247K, capacity 51036K, committed 51544K, reserved 1093632K
  class space    used 6493K, capacity 6723K, committed 6744K, reserved 1048576K
Event: 85.599 GC heap after
Heap after GC invocations=71 (full 6):
 PSYoungGen      total 1232384K, used 14172K [0x000000076b600000, 0x00000007ba480000, 0x00000007c0000000)
  eden space 1188864K, 0% used [0x000000076b600000,0x000000076b600000,0x00000007b3f00000)
  from space 43520K, 32% used [0x00000007b3f00000,0x00000007b4cd7088,0x00000007b6980000)
  to   space 42496K, 0% used [0x00000007b7b00000,0x00000007b7b00000,0x00000007ba480000)
 ParOldGen       total 1415168K, used 1030698K [0x00000006c2200000, 0x0000000718800000, 0x000000076b600000)
  object space 1415168K, 72% used [0x00000006c2200000,0x000000070108abb0,0x0000000718800000)
 Metaspace       used 50247K, capacity 51036K, committed 51544K, reserved 1093632K
  class space    used 6493K, capacity 6723K, committed 6744K, reserved 1048576K
}
Event: 88.227 GC heap before
{Heap before GC invocations=72 (full 6):
 PSYoungGen      total 1232384K, used 1203036K [0x000000076b600000, 0x00000007ba480000, 0x00000007c0000000)
  eden space 1188864K, 100% used [0x000000076b600000,0x00000007b3f00000,0x00000007b3f00000)
  from space 43520K, 32% used [0x00000007b3f00000,0x00000007b4cd7088,0x00000007b6980000)
  to   space 42496K, 0% used [0x00000007b7b00000,0x00000007b7b00000,0x00000007ba480000)
 ParOldGen       total 1415168K, used 1030698K [0x00000006c2200000, 0x0000000718800000, 0x000000076b600000)
  object space 1415168K, 72% used [0x00000006c2200000,0x000000070108abb0,0x0000000718800000)
 Metaspace       used 50268K, capacity 51048K, committed 51544K, reserved 1093632K
  class space    used 6494K, capacity 6725K, committed 6744K, reserved 1048576K
Event: 88.239 GC heap after
Heap after GC invocations=72 (full 6):
 PSYoungGen      total 1244160K, used 13124K [0x000000076b600000, 0x00000007ba080000, 0x00000007c0000000)
  eden space 1205760K, 0% used [0x000000076b600000,0x000000076b600000,0x00000007b4f80000)
  from space 38400K, 34% used [0x00000007b7b00000,0x00000007b87d1020,0x00000007ba080000)
  to   space 41472K, 0% used [0x00000007b4f80000,0x00000007b4f80000,0x00000007b7800000)
 ParOldGen       total 1415168K, used 1031514K [0x00000006c2200000, 0x0000000718800000, 0x000000076b600000)
  object space 1415168K, 72% used [0x00000006c2200000,0x0000000701156bb0,0x0000000718800000)
 Metaspace       used 50268K, capacity 51048K, committed 51544K, reserved 1093632K
  class space    used 6494K, capacity 6725K, committed 6744K, reserved 1048576K
}
Event: 90.910 GC heap before
{Heap before GC invocations=73 (full 6):
 PSYoungGen      total 1244160K, used 1218884K [0x000000076b600000, 0x00000007ba080000, 0x00000007c0000000)
  eden space 1205760K, 100% used [0x000000076b600000,0x00000007b4f80000,0x00000007b4f80000)
  from space 38400K, 34% used [0x00000007b7b00000,0x00000007b87d1020,0x00000007ba080000)
  to   space 41472K, 0% used [0x00000007b4f80000,0x00000007b4f80000,0x00000007b7800000)
 ParOldGen       total 1415168K, used 1031514K [0x00000006c2200000, 0x0000000718800000, 0x000000076b600000)
  object space 1415168K, 72% used [0x00000006c2200000,0x0000000701156bb0,0x0000000718800000)
 Metaspace       used 50513K, capacity 51264K, committed 51544K, reserved 1093632K
  class space    used 6501K, capacity 6729K, committed 6744K, reserved 1048576K
Event: 90.931 GC heap after
Heap after GC invocations=73 (full 6):
 PSYoungGen      total 1247232K, used 41470K [0x000000076b600000, 0x00000007bc900000, 0x00000007c0000000)
  eden space 1205760K, 0% used [0x000000076b600000,0x000000076b600000,0x00000007b4f80000)
  from space 41472K, 99% used [0x00000007b4f80000,0x00000007b77ffaf0,0x00000007b7800000)
  to   space 53760K, 0% used [0x00000007b9480000,0x00000007b9480000,0x00000007bc900000)
 ParOldGen       total 1415168K, used 1048296K [0x00000006c2200000, 0x0000000718800000, 0x000000076b600000)
  object space 1415168K, 74% used [0x00000006c2200000,0x00000007021ba380,0x0000000718800000)
 Metaspace       used 50513K, capacity 51264K, committed 51544K, reserved 1093632K
  class space    used 6501K, capacity 6729K, committed 6744K, reserved 1048576K
}
Event: 94.699 GC heap before
{Heap before GC invocations=74 (full 6):
 PSYoungGen      total 1247232K, used 1247230K [0x000000076b600000, 0x00000007bc900000, 0x00000007c0000000)
  eden space 1205760K, 100% used [0x000000076b600000,0x00000007b4f80000,0x00000007b4f80000)
  from space 41472K, 99% used [0x00000007b4f80000,0x00000007b77ffaf0,0x00000007b7800000)
  to   space 53760K, 0% used [0x00000007b9480000,0x00000007b9480000,0x00000007bc900000)
 ParOldGen       total 1415168K, used 1048296K [0x00000006c2200000, 0x0000000718800000, 0x000000076b600000)
  object space 1415168K, 74% used [0x00000006c2200000,0x00000007021ba380,0x0000000718800000)
 Metaspace       used 55277K, capacity 56126K, committed 56536K, reserved 1097728K
  class space    used 7098K, capacity 7342K, committed 7384K, reserved 1048576K
Event: 94.723 GC heap after
Heap after GC invocations=74 (full 6):
 PSYoungGen      total 1269248K, used 50648K [0x000000076b600000, 0x00000007bd680000, 0x00000007c0000000)
  eden space 1215488K, 0% used [0x000000076b600000,0x000000076b600000,0x00000007b5900000)
  from space 53760K, 94% used [0x00000007b9480000,0x00000007bc5f61e0,0x00000007bc900000)
  to   space 60928K, 0% used [0x00000007b5900000,0x00000007b5900000,0x00000007b9480000)
 ParOldGen       total 1415168K, used 1049408K [0x00000006c2200000, 0x0000000718800000, 0x000000076b600000)
  object space 1415168K, 74% used [0x00000006c2200000,0x00000007022d0380,0x0000000718800000)
 Metaspace       used 55277K, capacity 56126K, committed 56536K, reserved 1097728K
  class space    used 7098K, capacity 7342K, committed 7384K, reserved 1048576K
}

